2025-10-30T14:58:55.306Z [info] [object Object]
2025-10-30T14:58:56.594Z [error] [object Object]
2025-10-30T14:58:57.683Z [error] [object Object]
2025-10-30T14:58:58.673Z [error] [object Object]
2025-10-30T14:58:59.908Z [error] [object Object]
2025-10-30T14:59:01.284Z [error] [object Object]
2025-10-30T14:59:02.963Z [error] [object Object]
2025-10-30T14:59:05.440Z [error] [object Object]
2025-10-30T14:59:08.325Z [error] [object Object]
2025-10-30T14:59:11.206Z [error] [object Object]
2025-10-30T14:59:14.207Z [error] [object Object]
2025-10-30T14:59:17.234Z [error] [object Object]
2025-10-30T14:59:20.092Z [error] [object Object]
2025-10-30T14:59:23.028Z [error] [object Object]
2025-10-30T14:59:25.967Z [error] [object Object]
2025-10-30T14:59:37.811Z [info] [object Object]
2025-10-30T14:59:39.090Z [error] [object Object]
2025-10-30T14:59:40.157Z [error] [object Object]
2025-10-30T14:59:41.116Z [error] [object Object]
2025-10-30T14:59:42.324Z [error] [object Object]
2025-10-30T14:59:43.672Z [error] [object Object]
2025-10-30T14:59:45.464Z [error] [object Object]
2025-10-30T14:59:48.072Z [error] [object Object]
2025-10-30T14:59:51.083Z [error] [object Object]
2025-10-30T14:59:53.986Z [error] [object Object]
2025-10-30T14:59:57.010Z [error] [object Object]
2025-10-30T14:59:59.877Z [error] [object Object]
2025-10-30T15:00:02.874Z [error] [object Object]
2025-10-30T15:00:05.851Z [error] [object Object]
2025-10-30T15:00:08.891Z [error] [object Object]
2025-10-30T15:00:11.787Z [error] [object Object]
2025-10-30T15:00:14.819Z [error] [object Object]
2025-10-30T15:00:17.764Z [error] [object Object]
2025-10-30T15:00:20.753Z [error] [object Object]
2025-10-30T15:00:23.630Z [error] [object Object]
2025-10-30T15:00:26.641Z [error] [object Object]
2025-10-30T15:00:29.575Z [error] [object Object]
2025-10-30T15:00:32.544Z [error] [object Object]
2025-10-30T15:00:35.443Z [error] [object Object]
2025-10-30T15:00:38.346Z [error] [object Object]
2025-10-30T15:00:41.392Z [error] [object Object]
2025-10-30T15:00:44.298Z [error] [object Object]
2025-10-30T15:00:47.219Z [error] [object Object]
2025-10-30T15:00:50.111Z [error] [object Object]
2025-10-30T15:00:53.092Z [error] [object Object]
2025-10-30T15:00:55.952Z [error] [object Object]
2025-10-30T15:00:58.867Z [error] [object Object]
2025-10-30T15:01:01.783Z [error] [object Object]
2025-10-30T15:01:04.746Z [error] [object Object]
2025-10-30T15:01:07.638Z [error] [object Object]
2025-10-30T15:01:10.520Z [error] [object Object]
2025-10-30T15:01:13.424Z [error] [object Object]
2025-10-30T15:01:16.421Z [error] [object Object]
2025-10-30T15:01:19.349Z [error] [object Object]
2025-10-30T15:01:22.229Z [error] [object Object]
2025-10-30T15:01:25.123Z [error] [object Object]
2025-10-30T15:01:28.117Z [error] [object Object]
2025-10-30T15:01:30.992Z [error] [object Object]
2025-10-30T15:01:33.993Z [error] [object Object]
2025-10-30T15:01:36.870Z [error] [object Object]
2025-10-30T15:01:39.883Z [error] [object Object]
2025-10-30T15:01:42.857Z [error] [object Object]
2025-10-30T15:01:45.861Z [error] [object Object]
2025-10-30T15:01:48.861Z [error] [object Object]
2025-10-30T15:01:51.846Z [error] [object Object]
2025-10-30T15:01:54.889Z [error] [object Object]
2025-10-30T15:01:57.871Z [error] [object Object]
2025-10-30T15:02:00.841Z [error] [object Object]
2025-10-30T15:02:03.780Z [error] [object Object]
2025-10-30T15:02:06.830Z [error] [object Object]
2025-10-30T15:02:09.821Z [error] [object Object]
2025-10-30T15:02:12.682Z [error] [object Object]
2025-10-30T15:02:15.672Z [error] [object Object]
2025-10-30T15:02:18.548Z [error] [object Object]
2025-10-30T15:02:21.436Z [error] [object Object]
2025-10-30T15:02:24.404Z [error] [object Object]
2025-10-30T15:02:27.402Z [error] [object Object]
2025-10-30T15:02:30.263Z [error] [object Object]
2025-10-30T15:02:33.198Z [error] [object Object]
2025-10-30T15:02:36.216Z [error] [object Object]
2025-10-30T15:02:39.202Z [error] [object Object]
2025-10-30T15:02:42.239Z [error] [object Object]
2025-10-30T15:02:45.416Z [info] [object Object]
2025-10-30T15:02:46.295Z [error] [object Object]
2025-10-30T15:02:47.215Z [error] [object Object]
2025-10-30T15:02:48.280Z [error] [object Object]
2025-10-30T15:02:49.472Z [error] [object Object]
2025-10-30T15:02:50.778Z [error] [object Object]
2025-10-30T15:02:52.519Z [error] [object Object]
2025-10-30T15:02:55.156Z [error] [object Object]
2025-10-30T15:02:58.055Z [error] [object Object]
2025-10-30T15:03:01.031Z [error] [object Object]
2025-10-30T15:03:03.980Z [error] [object Object]
2025-10-30T15:03:06.866Z [error] [object Object]
2025-10-30T15:03:09.777Z [error] [object Object]
2025-10-30T15:03:12.791Z [error] [object Object]
2025-10-30T15:03:15.661Z [error] [object Object]
2025-10-30T15:03:18.686Z [error] [object Object]
2025-10-30T15:03:21.719Z [error] [object Object]
2025-10-30T15:03:24.688Z [error] [object Object]
2025-10-30T15:03:27.666Z [error] [object Object]
2025-10-30T15:03:30.726Z [error] [object Object]
2025-10-30T15:03:33.647Z [error] [object Object]
2025-10-30T15:03:36.532Z [error] [object Object]
2025-10-30T15:03:39.467Z [error] [object Object]
2025-10-30T15:03:42.347Z [error] [object Object]
2025-10-30T15:03:45.216Z [error] [object Object]
2025-10-30T15:03:48.158Z [error] [object Object]
2025-10-30T15:03:51.046Z [error] [object Object]
2025-10-30T15:03:54.033Z [error] [object Object]
2025-10-30T15:03:56.980Z [error] [object Object]
2025-10-30T15:03:59.903Z [error] [object Object]
2025-10-30T15:04:02.791Z [error] [object Object]
2025-10-30T15:04:05.783Z [error] [object Object]
2025-10-30T15:04:08.742Z [error] [object Object]
2025-10-30T15:04:11.681Z [error] [object Object]
2025-10-30T15:04:14.578Z [error] [object Object]
2025-10-30T15:04:17.539Z [error] [object Object]
2025-10-30T15:04:20.449Z [error] [object Object]
2025-10-30T15:04:23.469Z [error] [object Object]
2025-10-30T15:04:26.515Z [error] [object Object]
2025-10-30T15:04:29.417Z [error] [object Object]
2025-10-30T15:04:32.269Z [error] [object Object]
2025-10-30T15:04:35.168Z [error] [object Object]
2025-10-30T15:04:38.087Z [error] [object Object]
2025-10-30T15:04:40.952Z [error] [object Object]
2025-10-30T15:04:43.944Z [error] [object Object]
2025-10-30T15:04:46.828Z [error] [object Object]
2025-10-30T15:04:49.835Z [error] [object Object]
2025-10-30T15:04:52.834Z [error] [object Object]
2025-10-30T15:04:55.781Z [error] [object Object]
2025-10-30T15:05:00.962Z [info] [object Object]
2025-10-30T15:05:01.867Z [error] [object Object]
2025-10-30T15:05:02.966Z [error] [object Object]
2025-10-30T15:05:04.063Z [error] [object Object]
2025-10-30T15:05:05.133Z [error] [object Object]
2025-10-30T15:05:06.552Z [error] [object Object]
2025-10-30T15:05:08.346Z [error] [object Object]
2025-10-30T15:05:12.579Z [info] [object Object]
2025-10-30T15:05:13.472Z [error] [object Object]
2025-10-30T15:05:14.448Z [error] [object Object]
2025-10-30T15:05:15.467Z [error] [object Object]
2025-10-30T15:05:16.659Z [error] [object Object]
2025-10-30T15:05:21.725Z [info] [object Object]
2025-10-30T15:05:23.053Z [error] [object Object]
2025-10-30T15:05:25.209Z [info] [object Object]
2025-10-30T15:05:26.081Z [error] [object Object]
2025-10-30T15:05:27.177Z [error] [object Object]
2025-10-30T15:05:28.288Z [error] [object Object]
2025-10-30T15:05:29.515Z [error] [object Object]
2025-10-30T15:05:30.822Z [error] [object Object]
2025-10-30T15:05:32.501Z [error] [object Object]
2025-10-30T15:05:35.018Z [error] [object Object]
2025-10-30T15:05:37.897Z [error] [object Object]
2025-10-30T15:05:40.787Z [error] [object Object]
2025-10-30T15:05:43.836Z [error] [object Object]
2025-10-30T15:05:46.820Z [error] [object Object]
2025-10-30T15:05:49.864Z [error] [object Object]
2025-10-30T15:05:52.905Z [error] [object Object]
2025-10-30T15:05:55.867Z [error] [object Object]
2025-10-30T15:05:58.871Z [error] [object Object]
2025-10-30T15:06:01.770Z [error] [object Object]
2025-10-30T15:06:04.719Z [error] [object Object]
2025-10-30T15:06:41.616Z [info] [object Object]
2025-10-30T15:06:42.942Z [error] [object Object]
2025-10-30T15:06:43.850Z [error] [object Object]
2025-10-30T15:06:44.980Z [error] [object Object]
2025-10-30T15:06:46.029Z [error] [object Object]
2025-10-30T15:06:47.300Z [error] [object Object]
2025-10-30T15:06:49.144Z [error] [object Object]
2025-10-30T15:06:51.633Z [error] [object Object]
2025-10-30T15:06:54.594Z [error] [object Object]
2025-10-30T15:06:57.520Z [error] [object Object]
2025-10-30T15:07:00.413Z [error] [object Object]
2025-10-30T15:07:03.434Z [error] [object Object]
2025-10-30T15:07:06.435Z [error] [object Object]
2025-10-30T15:08:07.666Z [info] [object Object]
2025-10-30T15:08:08.972Z [error] [object Object]
2025-10-30T15:08:09.980Z [error] [object Object]
2025-10-30T15:08:10.996Z [error] [object Object]
2025-10-30T15:08:12.205Z [error] [object Object]
2025-10-30T15:08:13.632Z [error] [object Object]
2025-10-30T15:08:15.339Z [error] [object Object]
2025-10-30T15:08:17.887Z [error] [object Object]
2025-10-30T15:08:20.852Z [error] [object Object]
2025-10-30T15:08:23.755Z [error] [object Object]
2025-10-30T15:08:26.808Z [error] [object Object]
2025-10-30T15:08:29.839Z [error] [object Object]
2025-10-30T15:08:32.730Z [error] [object Object]
2025-10-30T15:08:35.681Z [error] [object Object]
2025-10-30T15:08:38.600Z [error] [object Object]
2025-10-30T15:08:41.463Z [error] [object Object]
2025-10-30T15:08:44.394Z [error] [object Object]
2025-10-30T15:08:47.337Z [error] [object Object]
2025-10-30T15:08:50.363Z [error] [object Object]
2025-10-30T15:08:53.415Z [error] [object Object]
2025-10-30T15:08:56.289Z [error] [object Object]
2025-10-30T15:08:59.223Z [error] [object Object]
2025-10-30T15:09:02.194Z [error] [object Object]
2025-10-30T15:09:05.181Z [error] [object Object]
2025-10-30T15:09:08.166Z [error] [object Object]
2025-10-30T15:09:11.152Z [error] [object Object]
2025-10-30T15:09:14.173Z [error] [object Object]
2025-10-30T15:09:17.042Z [error] [object Object]
2025-10-30T15:09:19.898Z [error] [object Object]
2025-10-30T15:09:22.811Z [error] [object Object]
2025-10-30T15:09:25.702Z [error] [object Object]
2025-10-30T15:09:28.658Z [error] [object Object]
2025-10-30T15:09:31.609Z [error] [object Object]
2025-10-30T15:09:34.628Z [error] [object Object]
2025-10-30T15:09:37.588Z [error] [object Object]
2025-10-30T15:09:40.562Z [error] [object Object]
2025-10-30T15:09:43.561Z [error] [object Object]
2025-10-30T15:09:46.450Z [error] [object Object]
2025-10-30T15:09:49.374Z [error] [object Object]
2025-10-30T15:09:52.417Z [error] [object Object]
2025-10-30T15:09:55.347Z [error] [object Object]
2025-10-30T15:09:58.264Z [error] [object Object]
2025-10-30T15:10:01.755Z [info] MongoDB connected
2025-10-30T15:10:03.055Z [error] [object Object]
2025-10-30T15:10:03.964Z [error] [object Object]
2025-10-30T15:10:05.028Z [error] [object Object]
2025-10-30T15:10:06.161Z [error] [object Object]
2025-10-30T15:10:07.437Z [error] [object Object]
2025-10-30T15:10:09.118Z [error] [object Object]
2025-10-30T15:10:11.709Z [error] [object Object]
2025-10-30T15:10:14.687Z [error] [object Object]
2025-10-30T15:10:17.649Z [error] [object Object]
2025-10-30T15:10:21.334Z [info] MongoDB connected
2025-10-30T15:10:22.208Z [error] Redis error: getaddrinfo ENOTFOUND red-d41nnj75r7bs739l7r40
2025-10-30T15:10:23.213Z [error] Redis error: getaddrinfo ENOTFOUND red-d41nnj75r7bs739l7r40
2025-10-30T15:10:24.326Z [error] Redis error: getaddrinfo ENOTFOUND red-d41nnj75r7bs739l7r40
2025-10-30T15:10:25.579Z [error] Redis error: getaddrinfo ENOTFOUND red-d41nnj75r7bs739l7r40
2025-10-30T15:10:27.015Z [error] Redis error: getaddrinfo ENOTFOUND red-d41nnj75r7bs739l7r40
2025-10-30T15:10:28.828Z [error] Redis error: getaddrinfo ENOTFOUND red-d41nnj75r7bs739l7r40
2025-10-30T15:10:31.339Z [error] Redis error: getaddrinfo ENOTFOUND red-d41nnj75r7bs739l7r40
2025-10-30T15:10:34.195Z [error] Redis error: getaddrinfo ENOTFOUND red-d41nnj75r7bs739l7r40
2025-10-30T15:10:36.873Z [info] MongoDB connected
2025-10-30T15:10:37.767Z [error] Redis error: getaddrinfo ENOTFOUND red-d41nnj75r7bs739l7r40
2025-10-30T15:10:38.754Z [error] Redis error: getaddrinfo ENOTFOUND red-d41nnj75r7bs739l7r40
2025-10-30T15:10:39.713Z [error] Redis error: getaddrinfo ENOTFOUND red-d41nnj75r7bs739l7r40
2025-10-30T15:10:40.817Z [error] Redis error: getaddrinfo ENOTFOUND red-d41nnj75r7bs739l7r40
2025-10-30T15:10:42.139Z [error] Redis error: getaddrinfo ENOTFOUND red-d41nnj75r7bs739l7r40
2025-10-30T15:10:43.949Z [error] Redis error: getaddrinfo ENOTFOUND red-d41nnj75r7bs739l7r40
2025-10-30T15:10:46.469Z [error] Redis error: getaddrinfo ENOTFOUND red-d41nnj75r7bs739l7r40
2025-10-30T15:10:49.512Z [error] Redis error: getaddrinfo ENOTFOUND red-d41nnj75r7bs739l7r40
2025-10-30T15:10:52.554Z [error] Redis error: getaddrinfo ENOTFOUND red-d41nnj75r7bs739l7r40
2025-10-30T15:10:57.123Z [info] MongoDB connected
2025-10-30T15:10:58.468Z [error] Redis error: getaddrinfo ENOTFOUND red-d41nnj75r7bs739l7r40
2025-10-30T15:10:59.535Z [error] Redis error: getaddrinfo ENOTFOUND red-d41nnj75r7bs739l7r40
2025-10-30T15:11:00.665Z [error] Redis error: getaddrinfo ENOTFOUND red-d41nnj75r7bs739l7r40
2025-10-30T15:11:01.729Z [error] Redis error: getaddrinfo ENOTFOUND red-d41nnj75r7bs739l7r40
2025-10-30T15:11:03.070Z [error] Redis error: getaddrinfo ENOTFOUND red-d41nnj75r7bs739l7r40
2025-10-30T15:11:04.842Z [error] Redis error: getaddrinfo ENOTFOUND red-d41nnj75r7bs739l7r40
2025-10-30T15:11:07.414Z [error] Redis error: getaddrinfo ENOTFOUND red-d41nnj75r7bs739l7r40
2025-10-30T15:11:10.357Z [error] Redis error: getaddrinfo ENOTFOUND red-d41nnj75r7bs739l7r40
2025-10-30T15:11:13.298Z [error] Redis error: getaddrinfo ENOTFOUND red-d41nnj75r7bs739l7r40
2025-10-30T15:11:16.317Z [error] Redis error: getaddrinfo ENOTFOUND red-d41nnj75r7bs739l7r40
2025-10-30T15:11:19.245Z [error] Redis error: getaddrinfo ENOTFOUND red-d41nnj75r7bs739l7r40
2025-10-30T15:11:22.117Z [error] Redis error: getaddrinfo ENOTFOUND red-d41nnj75r7bs739l7r40
2025-10-30T15:11:24.973Z [error] Redis error: getaddrinfo ENOTFOUND red-d41nnj75r7bs739l7r40
2025-10-30T15:11:27.969Z [error] Redis error: getaddrinfo ENOTFOUND red-d41nnj75r7bs739l7r40
2025-10-30T15:11:30.963Z [error] Redis error: getaddrinfo ENOTFOUND red-d41nnj75r7bs739l7r40
2025-10-30T15:11:33.905Z [error] Redis error: getaddrinfo ENOTFOUND red-d41nnj75r7bs739l7r40
2025-10-30T15:11:36.773Z [error] Redis error: getaddrinfo ENOTFOUND red-d41nnj75r7bs739l7r40
2025-10-30T15:11:39.720Z [error] Redis error: getaddrinfo ENOTFOUND red-d41nnj75r7bs739l7r40
2025-10-30T15:11:42.718Z [error] Redis error: getaddrinfo ENOTFOUND red-d41nnj75r7bs739l7r40
2025-10-30T15:11:45.688Z [error] Redis error: getaddrinfo ENOTFOUND red-d41nnj75r7bs739l7r40
2025-10-30T15:11:48.732Z [error] Redis error: getaddrinfo ENOTFOUND red-d41nnj75r7bs739l7r40
2025-10-30T15:11:51.711Z [error] Redis error: getaddrinfo ENOTFOUND red-d41nnj75r7bs739l7r40
2025-10-30T15:11:54.744Z [error] Redis error: getaddrinfo ENOTFOUND red-d41nnj75r7bs739l7r40
2025-10-30T15:11:57.755Z [error] Redis error: getaddrinfo ENOTFOUND red-d41nnj75r7bs739l7r40
2025-10-30T15:12:00.664Z [error] Redis error: getaddrinfo ENOTFOUND red-d41nnj75r7bs739l7r40
2025-10-30T15:12:03.578Z [error] Redis error: getaddrinfo ENOTFOUND red-d41nnj75r7bs739l7r40
2025-10-30T15:12:06.555Z [error] Redis error: getaddrinfo ENOTFOUND red-d41nnj75r7bs739l7r40
2025-10-30T15:12:09.465Z [error] Redis error: getaddrinfo ENOTFOUND red-d41nnj75r7bs739l7r40
2025-10-30T15:12:12.499Z [error] Redis error: getaddrinfo ENOTFOUND red-d41nnj75r7bs739l7r40
2025-10-30T15:12:15.415Z [error] Redis error: getaddrinfo ENOTFOUND red-d41nnj75r7bs739l7r40
2025-10-30T15:12:18.472Z [error] Redis error: getaddrinfo ENOTFOUND red-d41nnj75r7bs739l7r40
2025-10-30T15:12:21.438Z [error] Redis error: getaddrinfo ENOTFOUND red-d41nnj75r7bs739l7r40
2025-10-30T15:12:24.458Z [error] Redis error: getaddrinfo ENOTFOUND red-d41nnj75r7bs739l7r40
2025-10-30T15:12:27.514Z [error] Redis error: getaddrinfo ENOTFOUND red-d41nnj75r7bs739l7r40
2025-10-30T15:12:30.371Z [error] Redis error: getaddrinfo ENOTFOUND red-d41nnj75r7bs739l7r40
2025-10-30T15:12:33.296Z [error] Redis error: getaddrinfo ENOTFOUND red-d41nnj75r7bs739l7r40
2025-10-30T15:12:36.283Z [error] Redis error: getaddrinfo ENOTFOUND red-d41nnj75r7bs739l7r40
2025-10-30T15:12:39.229Z [error] Redis error: getaddrinfo ENOTFOUND red-d41nnj75r7bs739l7r40
2025-10-30T15:12:42.262Z [error] Redis error: getaddrinfo ENOTFOUND red-d41nnj75r7bs739l7r40
2025-10-30T15:12:45.112Z [error] Redis error: getaddrinfo ENOTFOUND red-d41nnj75r7bs739l7r40
2025-10-30T15:12:48.166Z [error] Redis error: getaddrinfo ENOTFOUND red-d41nnj75r7bs739l7r40
2025-10-30T15:12:51.192Z [error] Redis error: getaddrinfo ENOTFOUND red-d41nnj75r7bs739l7r40
2025-10-30T15:12:54.227Z [error] Redis error: getaddrinfo ENOTFOUND red-d41nnj75r7bs739l7r40
2025-10-30T15:12:57.156Z [error] Redis error: getaddrinfo ENOTFOUND red-d41nnj75r7bs739l7r40
2025-10-30T15:13:00.151Z [error] Redis error: getaddrinfo ENOTFOUND red-d41nnj75r7bs739l7r40
2025-10-30T15:13:03.157Z [error] Redis error: getaddrinfo ENOTFOUND red-d41nnj75r7bs739l7r40
2025-10-30T15:13:06.102Z [error] Redis error: getaddrinfo ENOTFOUND red-d41nnj75r7bs739l7r40
2025-10-30T15:13:09.028Z [error] Redis error: getaddrinfo ENOTFOUND red-d41nnj75r7bs739l7r40
2025-10-30T15:13:11.908Z [error] Redis error: getaddrinfo ENOTFOUND red-d41nnj75r7bs739l7r40
2025-10-30T15:13:14.856Z [error] Redis error: getaddrinfo ENOTFOUND red-d41nnj75r7bs739l7r40
2025-10-30T15:13:17.781Z [error] Redis error: getaddrinfo ENOTFOUND red-d41nnj75r7bs739l7r40
2025-10-30T15:13:20.682Z [error] Redis error: getaddrinfo ENOTFOUND red-d41nnj75r7bs739l7r40
2025-10-30T15:13:23.591Z [error] Redis error: getaddrinfo ENOTFOUND red-d41nnj75r7bs739l7r40
2025-10-30T15:13:26.604Z [error] Redis error: getaddrinfo ENOTFOUND red-d41nnj75r7bs739l7r40
2025-10-30T15:13:29.572Z [error] Redis error: getaddrinfo ENOTFOUND red-d41nnj75r7bs739l7r40
2025-10-30T15:13:32.637Z [error] Redis error: getaddrinfo ENOTFOUND red-d41nnj75r7bs739l7r40
2025-10-30T15:13:35.678Z [error] Redis error: getaddrinfo ENOTFOUND red-d41nnj75r7bs739l7r40
2025-10-30T15:13:38.589Z [error] Redis error: getaddrinfo ENOTFOUND red-d41nnj75r7bs739l7r40
2025-10-30T15:13:41.504Z [error] Redis error: getaddrinfo ENOTFOUND red-d41nnj75r7bs739l7r40
2025-10-30T15:13:44.425Z [error] Redis error: getaddrinfo ENOTFOUND red-d41nnj75r7bs739l7r40
2025-10-30T15:13:47.353Z [error] Redis error: getaddrinfo ENOTFOUND red-d41nnj75r7bs739l7r40
2025-10-30T15:13:50.370Z [error] Redis error: getaddrinfo ENOTFOUND red-d41nnj75r7bs739l7r40
2025-10-30T15:13:53.348Z [error] Redis error: getaddrinfo ENOTFOUND red-d41nnj75r7bs739l7r40
2025-10-30T15:13:56.402Z [error] Redis error: getaddrinfo ENOTFOUND red-d41nnj75r7bs739l7r40
2025-10-30T15:13:59.340Z [error] Redis error: getaddrinfo ENOTFOUND red-d41nnj75r7bs739l7r40
2025-10-30T15:14:02.226Z [error] Redis error: getaddrinfo ENOTFOUND red-d41nnj75r7bs739l7r40
2025-10-30T15:14:05.105Z [error] Redis error: getaddrinfo ENOTFOUND red-d41nnj75r7bs739l7r40
2025-10-30T15:14:08.064Z [error] Redis error: getaddrinfo ENOTFOUND red-d41nnj75r7bs739l7r40
2025-10-30T15:14:10.979Z [error] Redis error: getaddrinfo ENOTFOUND red-d41nnj75r7bs739l7r40
2025-10-30T15:14:13.997Z [error] Redis error: getaddrinfo ENOTFOUND red-d41nnj75r7bs739l7r40
2025-10-30T15:14:16.863Z [error] Redis error: getaddrinfo ENOTFOUND red-d41nnj75r7bs739l7r40
2025-10-30T15:14:19.865Z [error] Redis error: getaddrinfo ENOTFOUND red-d41nnj75r7bs739l7r40
2025-10-30T15:14:22.908Z [error] Redis error: getaddrinfo ENOTFOUND red-d41nnj75r7bs739l7r40
2025-10-30T15:14:25.890Z [error] Redis error: getaddrinfo ENOTFOUND red-d41nnj75r7bs739l7r40
2025-10-30T15:14:28.876Z [error] Redis error: getaddrinfo ENOTFOUND red-d41nnj75r7bs739l7r40
2025-10-30T15:14:31.844Z [error] Redis error: getaddrinfo ENOTFOUND red-d41nnj75r7bs739l7r40
2025-10-30T15:14:34.796Z [error] Redis error: getaddrinfo ENOTFOUND red-d41nnj75r7bs739l7r40
2025-10-30T15:14:37.654Z [error] Redis error: getaddrinfo ENOTFOUND red-d41nnj75r7bs739l7r40
2025-10-30T15:14:40.673Z [error] Redis error: getaddrinfo ENOTFOUND red-d41nnj75r7bs739l7r40
2025-10-30T15:14:43.628Z [error] Redis error: getaddrinfo ENOTFOUND red-d41nnj75r7bs739l7r40
2025-10-30T15:14:46.623Z [error] Redis error: getaddrinfo ENOTFOUND red-d41nnj75r7bs739l7r40
2025-10-30T15:14:49.544Z [error] Redis error: getaddrinfo ENOTFOUND red-d41nnj75r7bs739l7r40
2025-10-30T15:14:52.543Z [error] Redis error: getaddrinfo ENOTFOUND red-d41nnj75r7bs739l7r40
2025-10-30T15:14:55.458Z [error] Redis error: getaddrinfo ENOTFOUND red-d41nnj75r7bs739l7r40
2025-10-30T15:14:58.442Z [error] Redis error: getaddrinfo ENOTFOUND red-d41nnj75r7bs739l7r40
2025-10-30T15:15:01.462Z [error] Redis error: getaddrinfo ENOTFOUND red-d41nnj75r7bs739l7r40
2025-10-30T15:15:04.485Z [error] Redis error: getaddrinfo ENOTFOUND red-d41nnj75r7bs739l7r40
2025-10-30T15:15:07.411Z [error] Redis error: getaddrinfo ENOTFOUND red-d41nnj75r7bs739l7r40
2025-10-30T15:15:10.377Z [error] Redis error: getaddrinfo ENOTFOUND red-d41nnj75r7bs739l7r40
2025-10-30T15:15:13.267Z [error] Redis error: getaddrinfo ENOTFOUND red-d41nnj75r7bs739l7r40
2025-10-30T15:15:24.860Z [info] MongoDB connected
2025-10-30T15:15:25.784Z [error] Redis error: Client IP address is not in the allowlist.
2025-10-30T15:15:27.117Z [error] Redis error: Client IP address is not in the allowlist.
2025-10-30T15:15:28.387Z [error] Redis error: Client IP address is not in the allowlist.
2025-10-30T15:15:29.766Z [error] Redis error: Client IP address is not in the allowlist.
2025-10-30T15:15:31.281Z [error] Redis error: Client IP address is not in the allowlist.
2025-10-30T15:15:33.444Z [error] Redis error: Client IP address is not in the allowlist.
2025-10-30T15:15:36.536Z [error] Redis error: Client IP address is not in the allowlist.
2025-10-30T15:15:39.740Z [error] Redis error: Client IP address is not in the allowlist.
2025-10-30T15:15:43.135Z [error] Redis error: Client IP address is not in the allowlist.
2025-10-30T15:15:46.446Z [error] Redis error: Client IP address is not in the allowlist.
2025-10-30T15:15:49.576Z [error] Redis error: Client IP address is not in the allowlist.
2025-10-30T15:15:52.882Z [error] Redis error: Client IP address is not in the allowlist.
2025-10-30T15:15:56.082Z [error] Redis error: Client IP address is not in the allowlist.
2025-10-30T15:15:58.927Z [error] Redis error: Client IP address is not in the allowlist.
2025-10-30T15:16:02.106Z [error] Redis error: Client IP address is not in the allowlist.
2025-10-30T15:16:05.406Z [error] Redis error: Client IP address is not in the allowlist.
2025-10-30T15:16:08.591Z [info] Redis connected
2025-10-30T15:16:08.634Z [info] Notification webhook not configured; skipping scheduler
2025-10-30T15:16:08.640Z [info] Server listening on :4000
2025-10-30T15:18:30.375Z [info] MongoDB connected
2025-10-30T15:18:31.511Z [error] Redis error: Client IP address is not in the allowlist.
2025-10-30T15:18:32.775Z [error] Redis error: Client IP address is not in the allowlist.
2025-10-30T15:18:34.078Z [error] Redis error: Client IP address is not in the allowlist.
2025-10-30T15:18:35.553Z [error] Redis error: Client IP address is not in the allowlist.
2025-10-30T15:18:37.178Z [error] Redis error: Client IP address is not in the allowlist.
2025-10-30T15:18:39.208Z [error] Redis error: Client IP address is not in the allowlist.
2025-10-30T15:18:42.022Z [error] Redis error: Client IP address is not in the allowlist.
2025-10-30T15:18:45.160Z [error] Redis error: Client IP address is not in the allowlist.
2025-10-30T15:18:48.273Z [error] Redis error: Client IP address is not in the allowlist.
2025-10-30T15:18:51.403Z [error] Redis error: Client IP address is not in the allowlist.
2025-10-30T15:18:54.610Z [error] Redis error: Client IP address is not in the allowlist.
2025-10-30T15:18:58.614Z [error] Redis error: Client IP address is not in the allowlist.
2025-10-30T15:19:01.869Z [error] Redis error: Client IP address is not in the allowlist.
2025-10-30T15:19:04.987Z [error] Redis error: Client IP address is not in the allowlist.
2025-10-30T15:19:08.065Z [error] Redis error: Client IP address is not in the allowlist.
2025-10-30T15:19:11.286Z [error] Redis error: Client IP address is not in the allowlist.
2025-10-30T15:19:14.388Z [error] Redis error: Client IP address is not in the allowlist.
2025-10-30T15:19:17.563Z [error] Redis error: Client IP address is not in the allowlist.
2025-10-30T15:19:21.043Z [error] Redis error: Client IP address is not in the allowlist.
2025-10-30T15:19:24.864Z [error] Redis error: Client IP address is not in the allowlist.
2025-10-30T15:19:28.302Z [error] Redis error: Client IP address is not in the allowlist.
2025-10-30T15:19:31.541Z [error] Redis error: Client IP address is not in the allowlist.
2025-10-30T15:19:34.340Z [info] MongoDB connected
2025-10-30T15:19:35.492Z [error] Redis error: Client IP address is not in the allowlist.
2025-10-30T15:19:36.623Z [error] Redis error: Client IP address is not in the allowlist.
2025-10-30T15:19:38.006Z [error] Redis error: Client IP address is not in the allowlist.
2025-10-30T15:19:39.427Z [error] Redis error: Client IP address is not in the allowlist.
2025-10-30T15:19:40.965Z [error] Redis error: Client IP address is not in the allowlist.
2025-10-30T15:19:43.085Z [error] Redis error: Client IP address is not in the allowlist.
2025-10-30T15:19:45.911Z [error] Redis error: Client IP address is not in the allowlist.
2025-10-30T15:19:49.166Z [info] Redis connected
2025-10-30T15:19:49.170Z [info] Notification webhook not configured; skipping scheduler
2025-10-30T15:19:49.171Z [info] Server listening on :4000
2025-10-30T15:19:59.755Z [info] MongoDB connected
2025-10-30T15:20:00.861Z [error] Redis error: Client IP address is not in the allowlist.
2025-10-30T15:20:02.284Z [error] Redis error: Client IP address is not in the allowlist.
2025-10-30T15:20:03.532Z [error] Redis error: Client IP address is not in the allowlist.
2025-10-30T15:20:04.961Z [error] Redis error: Client IP address is not in the allowlist.
2025-10-30T15:20:06.625Z [error] Redis error: Client IP address is not in the allowlist.
2025-10-30T15:20:08.602Z [error] Redis error: Client IP address is not in the allowlist.
2025-10-30T15:20:11.463Z [error] Redis error: Client IP address is not in the allowlist.
2025-10-30T15:20:14.703Z [error] Redis error: Client IP address is not in the allowlist.
2025-10-30T15:20:17.942Z [error] Redis error: Client IP address is not in the allowlist.
2025-10-30T15:20:20.027Z [info] MongoDB connected
2025-10-30T15:20:21.170Z [error] Redis error: Client IP address is not in the allowlist.
2025-10-30T15:20:22.517Z [info] Redis connected
2025-10-30T15:20:22.525Z [info] Notification webhook not configured; skipping scheduler
2025-10-30T15:20:22.525Z [info] Server listening on :4000
2025-10-30T15:22:51.031Z [error] Unhandled error: Cannot set property query of #<IncomingMessage> which has only a getter
2025-10-30T15:24:44.049Z [info] MongoDB connected
2025-10-30T15:24:45.247Z [error] Redis error: Client IP address is not in the allowlist.
2025-10-30T15:24:46.539Z [error] Redis error: Client IP address is not in the allowlist.
2025-10-30T15:24:47.804Z [error] Redis error: Client IP address is not in the allowlist.
2025-10-30T15:24:49.217Z [info] Redis connected
2025-10-30T15:24:49.226Z [info] Notification webhook not configured; skipping scheduler
2025-10-30T15:24:49.228Z [info] Server listening on :4000
2025-10-30T15:24:52.253Z [info] MongoDB connected
2025-10-30T15:24:53.416Z [error] Redis error: Client IP address is not in the allowlist.
2025-10-30T15:24:54.719Z [error] Redis error: Client IP address is not in the allowlist.
2025-10-30T15:24:55.995Z [info] Redis connected
2025-10-30T15:24:56.003Z [info] Notification webhook not configured; skipping scheduler
2025-10-30T15:24:56.004Z [info] Server listening on :4000
2025-10-30T15:24:59.495Z [info] MongoDB connected
2025-10-30T15:25:00.595Z [error] Redis error: Client IP address is not in the allowlist.
2025-10-30T15:25:01.890Z [error] Redis error: Client IP address is not in the allowlist.
2025-10-30T15:25:03.209Z [error] Redis error: Client IP address is not in the allowlist.
2025-10-30T15:25:04.570Z [error] Redis error: Client IP address is not in the allowlist.
2025-10-30T15:25:06.267Z [error] Redis error: Client IP address is not in the allowlist.
2025-10-30T15:25:08.387Z [info] Redis connected
2025-10-30T15:25:08.391Z [info] Notification webhook not configured; skipping scheduler
2025-10-30T15:25:08.392Z [info] Server listening on :4000
2025-10-30T15:25:14.440Z [info] POST /api/auth/signup 201 317ms
2025-10-30T15:26:51.012Z [error] Unhandled error: Cannot read properties of undefined (reading 'map')
2025-10-30T15:26:51.014Z [info] POST /api/auth/login 500 15ms
2025-10-30T15:27:03.072Z [error] Unhandled error: Cannot read properties of undefined (reading 'map')
2025-10-30T15:27:03.073Z [info] POST /api/auth/login 500 2ms
2025-10-30T15:28:30.529Z [info] MongoDB connected
2025-10-30T15:28:31.675Z [error] Redis error: Client IP address is not in the allowlist.
2025-10-30T15:28:33.003Z [error] Redis error: Client IP address is not in the allowlist.
2025-10-30T15:28:34.384Z [error] Redis error: Client IP address is not in the allowlist.
2025-10-30T15:28:39.750Z [error] Redis error: Connection timeout
2025-10-30T15:28:41.403Z [error] Redis error: Client IP address is not in the allowlist.
2025-10-30T15:28:43.479Z [error] Redis error: Client IP address is not in the allowlist.
2025-10-30T15:28:46.225Z [error] Redis error: Client IP address is not in the allowlist.
2025-10-30T15:28:49.496Z [error] Redis error: Client IP address is not in the allowlist.
2025-10-30T15:28:51.794Z [info] MongoDB connected
2025-10-30T15:28:53.035Z [error] Redis error: Client IP address is not in the allowlist.
2025-10-30T15:28:54.215Z [error] Redis error: Client IP address is not in the allowlist.
2025-10-30T15:28:55.408Z [info] Redis connected
2025-10-30T15:28:55.413Z [info] Notification webhook not configured; skipping scheduler
2025-10-30T15:28:55.413Z [info] Server listening on :4000
2025-10-30T15:28:57.607Z [info] MongoDB connected
2025-10-30T15:28:58.783Z [error] Redis error: Client IP address is not in the allowlist.
2025-10-30T15:28:59.909Z [error] Redis error: Client IP address is not in the allowlist.
2025-10-30T15:29:01.286Z [error] Redis error: Client IP address is not in the allowlist.
2025-10-30T15:29:02.729Z [error] Redis error: Client IP address is not in the allowlist.
2025-10-30T15:29:04.232Z [error] Redis error: Client IP address is not in the allowlist.
2025-10-30T15:29:06.241Z [error] Redis error: Client IP address is not in the allowlist.
2025-10-30T15:29:09.053Z [error] Redis error: Client IP address is not in the allowlist.
2025-10-30T15:29:12.223Z [error] Redis error: Client IP address is not in the allowlist.
2025-10-30T15:29:15.829Z [error] Redis error: Client IP address is not in the allowlist.
2025-10-30T15:29:19.014Z [error] Redis error: Client IP address is not in the allowlist.
2025-10-30T15:29:22.584Z [error] Redis error: Client IP address is not in the allowlist.
2025-10-30T15:29:25.930Z [error] Redis error: Client IP address is not in the allowlist.
2025-10-30T15:29:29.150Z [error] Redis error: Client IP address is not in the allowlist.
2025-10-30T15:29:32.306Z [error] Redis error: Client IP address is not in the allowlist.
2025-10-30T15:29:35.439Z [error] Redis error: Client IP address is not in the allowlist.
2025-10-30T15:29:38.706Z [error] Redis error: Client IP address is not in the allowlist.
2025-10-30T15:29:41.926Z [error] Redis error: Client IP address is not in the allowlist.
2025-10-30T15:29:45.470Z [info] MongoDB connected
2025-10-30T15:29:46.692Z [error] Redis error: Client IP address is not in the allowlist.
2025-10-30T15:29:47.961Z [error] Redis error: Client IP address is not in the allowlist.
2025-10-30T15:29:49.629Z [error] Redis error: Client IP address is not in the allowlist.
2025-10-30T15:29:51.036Z [error] Redis error: Client IP address is not in the allowlist.
2025-10-30T15:29:52.686Z [info] Redis connected
2025-10-30T15:29:52.690Z [info] Notification webhook not configured; skipping scheduler
2025-10-30T15:29:52.690Z [info] Server listening on :4000
2025-10-30T15:30:01.014Z [info] POST /api/auth/login 400 6ms
2025-10-30T15:30:37.184Z [info] MongoDB connected
2025-10-30T15:30:38.344Z [error] Redis error: Client IP address is not in the allowlist.
2025-10-30T15:30:39.524Z [error] Redis error: Client IP address is not in the allowlist.
2025-10-30T15:30:40.851Z [info] Redis connected
2025-10-30T15:30:40.862Z [info] Notification webhook not configured; skipping scheduler
2025-10-30T15:30:40.863Z [info] Server listening on :4000
2025-10-30T15:30:47.273Z [info] POST /api/auth/login 400 6ms
2025-10-30T15:31:22.126Z [info] MongoDB connected
2025-10-30T15:31:23.205Z [info] Redis connected
2025-10-30T15:31:23.214Z [info] Notification webhook not configured; skipping scheduler
2025-10-30T15:31:23.216Z [info] Server listening on :4000
2025-10-30T15:31:32.071Z [info] MongoDB connected
2025-10-30T15:31:33.207Z [error] Redis error: Client IP address is not in the allowlist.
2025-10-30T15:31:34.507Z [info] Redis connected
2025-10-30T15:31:34.513Z [info] Notification webhook not configured; skipping scheduler
2025-10-30T15:31:34.514Z [info] Server listening on :4000
2025-10-30T15:31:38.642Z [info] MongoDB connected
2025-10-30T15:31:39.739Z [info] Redis connected
2025-10-30T15:31:39.751Z [info] Notification webhook not configured; skipping scheduler
2025-10-30T15:31:39.752Z [info] Server listening on :4000
2025-10-30T15:31:59.343Z [info] POST /api/auth/login 200 343ms
2025-10-30T15:34:23.292Z [info] POST /api/tasks/login 404 3ms
2025-10-30T15:34:40.438Z [info] POST /api/tasks 201 415ms
2025-10-30T15:36:19.708Z [info] PUT /api/tasks/690385906abfcaf9bdda701a 200 402ms
2025-10-30T15:36:44.703Z [info] PUT /api/tasks/690385906abfcaf9bdda701a 401 1ms
2025-10-30T15:36:51.047Z [info] PUT /api/tasks/690385906abfcaf9bdda701a 200 395ms
2025-10-30T15:39:09.424Z [info] GET /api/tasks 200 746ms
2025-10-30T15:41:55.154Z [info] MongoDB connected
2025-10-30T15:41:56.365Z [error] Redis error: Client IP address is not in the allowlist.
2025-10-30T15:41:57.642Z [error] Redis error: Client IP address is not in the allowlist.
2025-10-30T15:41:58.961Z [error] Redis error: Client IP address is not in the allowlist.
2025-10-30T15:42:00.389Z [error] Redis error: Client IP address is not in the allowlist.
2025-10-30T15:42:01.954Z [error] Redis error: Client IP address is not in the allowlist.
2025-10-30T15:42:03.875Z [error] Redis error: Client IP address is not in the allowlist.
2025-10-30T15:42:06.655Z [error] Redis error: Client IP address is not in the allowlist.
2025-10-30T15:42:09.901Z [error] Redis error: Client IP address is not in the allowlist.
2025-10-30T15:42:13.106Z [error] Redis error: Client IP address is not in the allowlist.
2025-10-30T15:42:17.486Z [info] MongoDB connected
2025-10-30T15:42:18.769Z [error] Redis error: Client IP address is not in the allowlist.
2025-10-30T15:42:19.985Z [info] Redis connected
2025-10-30T15:42:19.996Z [info] Notification webhook not configured; skipping scheduler
2025-10-30T15:42:19.997Z [info] Server listening on :4000
2025-10-30T15:42:34.572Z [info] MongoDB connected
2025-10-30T15:42:35.739Z [error] Redis error: Client IP address is not in the allowlist.
2025-10-30T15:42:36.925Z [error] Redis error: Client IP address is not in the allowlist.
2025-10-30T15:42:38.328Z [error] Redis error: Client IP address is not in the allowlist.
2025-10-30T15:42:39.710Z [error] Redis error: Client IP address is not in the allowlist.
2025-10-30T15:42:41.272Z [error] Redis error: Client IP address is not in the allowlist.
2025-10-30T15:42:43.264Z [info] Redis connected
2025-10-30T15:42:43.275Z [info] Notification webhook not configured; skipping scheduler
2025-10-30T15:42:43.278Z [info] Server listening on :4000
2025-10-30T15:43:03.593Z [info] MongoDB connected
2025-10-30T15:43:04.729Z [error] Redis error: Client IP address is not in the allowlist.
2025-10-30T15:43:05.998Z [error] Redis error: Client IP address is not in the allowlist.
2025-10-30T15:43:07.272Z [error] Redis error: Client IP address is not in the allowlist.
2025-10-30T15:43:08.580Z [error] Redis error: Client IP address is not in the allowlist.
2025-10-30T15:43:10.247Z [error] Redis error: Client IP address is not in the allowlist.
2025-10-30T15:43:12.357Z [error] Redis error: Client IP address is not in the allowlist.
2025-10-30T15:43:15.195Z [error] Redis error: Client IP address is not in the allowlist.
2025-10-30T15:43:18.328Z [error] Redis error: Client IP address is not in the allowlist.
2025-10-30T15:43:21.568Z [error] Redis error: Client IP address is not in the allowlist.
2025-10-30T15:43:25.305Z [error] Redis error: Client IP address is not in the allowlist.
2025-10-30T15:43:28.776Z [error] Redis error: Client IP address is not in the allowlist.
2025-10-30T15:43:32.173Z [error] Redis error: Client IP address is not in the allowlist.
2025-10-30T15:43:35.457Z [error] Redis error: Client IP address is not in the allowlist.
2025-10-30T15:43:38.930Z [error] Redis error: Client IP address is not in the allowlist.
2025-10-30T15:43:42.205Z [error] Redis error: Client IP address is not in the allowlist.
2025-10-30T15:43:45.468Z [error] Redis error: Client IP address is not in the allowlist.
2025-10-30T15:43:48.681Z [info] Redis connected
2025-10-30T15:43:48.688Z [info] Notification webhook not configured; skipping scheduler
2025-10-30T15:43:48.689Z [info] Server listening on :4000
2025-10-30T15:45:19.970Z [info] POST /api/tasks/bulk 201 483ms
